[ 2015-11-30T11:03:13+08:00 ] ::1 /Login/
INFO: [ app_init ] --START--
INFO: Run Behavior\BuildLiteBehavior [ RunTime:0.000000s ]
INFO: [ app_init ] --END-- [ RunTime:0.000000s ]
INFO: [ app_begin ] --START--
INFO: Run Behavior\ReadHtmlCacheBehavior [ RunTime:0.000000s ]
INFO: [ app_begin ] --END-- [ RunTime:0.000000s ]
INFO: [ view_parse ] --START--
INFO: [ template_filter ] --START--
INFO: Run Behavior\ContentReplaceBehavior [ RunTime:0.000000s ]
INFO: [ template_filter ] --END-- [ RunTime:0.000000s ]
INFO: Run Behavior\ParseTemplateBehavior [ RunTime:0.004000s ]
INFO: [ view_parse ] --END-- [ RunTime:0.004000s ]
INFO: [ view_filter ] --START--
INFO: Run Behavior\WriteHtmlCacheBehavior [ RunTime:0.000000s ]
INFO: [ view_filter ] --END-- [ RunTime:0.000000s ]
INFO: [ app_end ] --START--
INFO: Run Behavior\ShowPageTraceBehavior [ RunTime:0.001001s ]
INFO: [ app_end ] --END-- [ RunTime:0.001001s ]

[ 2015-11-30T11:05:30+08:00 ] ::1 /Login/Home/Index/
INFO: [ app_init ] --START--
INFO: Run Behavior\BuildLiteBehavior [ RunTime:0.000000s ]
INFO: [ app_init ] --END-- [ RunTime:0.000000s ]
INFO: [ app_begin ] --START--
INFO: Run Behavior\ReadHtmlCacheBehavior [ RunTime:0.000000s ]
INFO: [ app_begin ] --END-- [ RunTime:0.001000s ]
ERR: 模板不存在:./Login/Home/View/Index/index.html

[ 2015-11-30T11:05:37+08:00 ] ::1 /Login/Home/Index
INFO: [ app_init ] --START--
INFO: Run Behavior\BuildLiteBehavior [ RunTime:0.000000s ]
INFO: [ app_init ] --END-- [ RunTime:0.000000s ]
INFO: [ app_begin ] --START--
INFO: Run Behavior\ReadHtmlCacheBehavior [ RunTime:0.001000s ]
INFO: [ app_begin ] --END-- [ RunTime:0.001000s ]
ERR: 模板不存在:./Login/Home/View/Index/index.html

[ 2015-11-30T11:05:49+08:00 ] ::1 /Login/index.php/
INFO: [ app_init ] --START--
INFO: Run Behavior\BuildLiteBehavior [ RunTime:0.000000s ]
INFO: [ app_init ] --END-- [ RunTime:0.000000s ]
INFO: [ app_begin ] --START--
INFO: Run Behavior\ReadHtmlCacheBehavior [ RunTime:0.000000s ]
INFO: [ app_begin ] --END-- [ RunTime:0.000000s ]
ERR: 模板不存在:./Login/Home/View/Index/index.html

[ 2015-11-30T11:06:14+08:00 ] ::1 /Login/Home/Index
INFO: [ app_init ] --START--
INFO: Run Behavior\BuildLiteBehavior [ RunTime:0.000000s ]
INFO: [ app_init ] --END-- [ RunTime:0.000000s ]
INFO: [ app_begin ] --START--
INFO: Run Behavior\ReadHtmlCacheBehavior [ RunTime:0.000000s ]
INFO: [ app_begin ] --END-- [ RunTime:0.000000s ]
ERR: 模板不存在:./Login/Home/View/Index/index.html

[ 2015-11-30T11:06:32+08:00 ] ::1 /Login/Home/Index
INFO: [ app_init ] --START--
INFO: Run Behavior\BuildLiteBehavior [ RunTime:0.000000s ]
INFO: [ app_init ] --END-- [ RunTime:0.000000s ]
INFO: [ app_begin ] --START--
INFO: Run Behavior\ReadHtmlCacheBehavior [ RunTime:0.000000s ]
INFO: [ app_begin ] --END-- [ RunTime:0.000000s ]
INFO: [ view_parse ] --START--
INFO: [ template_filter ] --START--
INFO: Run Behavior\ContentReplaceBehavior [ RunTime:0.000000s ]
INFO: [ template_filter ] --END-- [ RunTime:0.000000s ]
INFO: Run Behavior\ParseTemplateBehavior [ RunTime:0.000000s ]
INFO: [ view_parse ] --END-- [ RunTime:0.000000s ]
INFO: [ view_filter ] --START--
INFO: Run Behavior\WriteHtmlCacheBehavior [ RunTime:0.000000s ]
INFO: [ view_filter ] --END-- [ RunTime:0.000000s ]
INFO: [ app_end ] --START--
INFO: Run Behavior\ShowPageTraceBehavior [ RunTime:0.010000s ]
INFO: [ app_end ] --END-- [ RunTime:0.010000s ]

[ 2015-11-30T11:06:32+08:00 ] ::1 /Login/Home/css/style.default.css
INFO: [ app_init ] --START--
INFO: Run Behavior\BuildLiteBehavior [ RunTime:0.000000s ]
INFO: [ app_init ] --END-- [ RunTime:0.000000s ]
INFO: [ app_begin ] --START--
INFO: Run Behavior\ReadHtmlCacheBehavior [ RunTime:0.000000s ]
INFO: [ app_begin ] --END-- [ RunTime:0.000000s ]
ERR: 无法加载控制器:Css

[ 2015-11-30T11:06:32+08:00 ] ::1 /Login/Home/js/plugins/jquery.uniform.min.js
INFO: [ app_init ] --START--
INFO: Run Behavior\BuildLiteBehavior [ RunTime:0.000000s ]
INFO: [ app_init ] --END-- [ RunTime:0.000000s ]
INFO: [ app_begin ] --START--
INFO: Run Behavior\ReadHtmlCacheBehavior [ RunTime:0.000000s ]
INFO: [ app_begin ] --END-- [ RunTime:0.000000s ]
ERR: 无法加载控制器:Js

[ 2015-11-30T11:06:32+08:00 ] ::1 /Login/Home/js/plugins/jquery-ui-1.8.16.custom.min.js
INFO: [ app_init ] --START--
INFO: Run Behavior\BuildLiteBehavior [ RunTime:0.000000s ]
INFO: [ app_init ] --END-- [ RunTime:0.000000s ]
INFO: [ app_begin ] --START--
INFO: Run Behavior\ReadHtmlCacheBehavior [ RunTime:0.000000s ]
INFO: [ app_begin ] --END-- [ RunTime:0.000000s ]
ERR: 无法加载控制器:Js

[ 2015-11-30T11:06:32+08:00 ] ::1 /Login/Home/js/plugins/jquery.cookie.js
INFO: [ app_init ] --START--
INFO: Run Behavior\BuildLiteBehavior [ RunTime:0.000000s ]
INFO: [ app_init ] --END-- [ RunTime:0.000000s ]
INFO: [ app_begin ] --START--
INFO: Run Behavior\ReadHtmlCacheBehavior [ RunTime:0.000000s ]
INFO: [ app_begin ] --END-- [ RunTime:0.000000s ]
ERR: 无法加载控制器:Js

[ 2015-11-30T11:06:32+08:00 ] ::1 /Login/Home/js/custom/general.js
INFO: [ app_init ] --START--
INFO: Run Behavior\BuildLiteBehavior [ RunTime:0.000000s ]
INFO: [ app_init ] --END-- [ RunTime:0.000000s ]
INFO: [ app_begin ] --START--
INFO: Run Behavior\ReadHtmlCacheBehavior [ RunTime:0.000000s ]
INFO: [ app_begin ] --END-- [ RunTime:0.000000s ]
ERR: 无法加载控制器:Js

[ 2015-11-30T11:06:32+08:00 ] ::1 /Login/Home/js/plugins/jquery-1.7.min.js
INFO: [ app_init ] --START--
INFO: Run Behavior\BuildLiteBehavior [ RunTime:0.000000s ]
INFO: [ app_init ] --END-- [ RunTime:0.000000s ]
INFO: [ app_begin ] --START--
INFO: Run Behavior\ReadHtmlCacheBehavior [ RunTime:0.000000s ]
INFO: [ app_begin ] --END-- [ RunTime:0.000000s ]
ERR: 无法加载控制器:Js

[ 2015-11-30T11:06:32+08:00 ] ::1 /Login/Home/js/custom/index.js
INFO: [ app_init ] --START--
INFO: Run Behavior\BuildLiteBehavior [ RunTime:0.000000s ]
INFO: [ app_init ] --END-- [ RunTime:0.000000s ]
INFO: [ app_begin ] --START--
INFO: Run Behavior\ReadHtmlCacheBehavior [ RunTime:0.000000s ]
INFO: [ app_begin ] --END-- [ RunTime:0.000000s ]
ERR: 无法加载控制器:Js

[ 2015-11-30T11:06:32+08:00 ] ::1 /Login/Home/js/plugins/jquery-ui-1.8.16.custom.min.js
INFO: [ app_init ] --START--
INFO: Run Behavior\BuildLiteBehavior [ RunTime:0.000000s ]
INFO: [ app_init ] --END-- [ RunTime:0.000000s ]
INFO: [ app_begin ] --START--
INFO: Run Behavior\ReadHtmlCacheBehavior [ RunTime:0.000000s ]
INFO: [ app_begin ] --END-- [ RunTime:0.000000s ]
ERR: 无法加载控制器:Js

[ 2015-11-30T11:06:32+08:00 ] ::1 /Login/Home/images/thumbs/avatar1.png
INFO: [ app_init ] --START--
INFO: Run Behavior\BuildLiteBehavior [ RunTime:0.000000s ]
INFO: [ app_init ] --END-- [ RunTime:0.000000s ]

[ 2015-11-30T11:06:32+08:00 ] ::1 /Login/Home/js/plugins/jquery.cookie.js
INFO: [ app_init ] --START--
INFO: Run Behavior\BuildLiteBehavior [ RunTime:0.000000s ]
INFO: [ app_init ] --END-- [ RunTime:0.000000s ]
INFO: [ app_begin ] --START--
INFO: Run Behavior\ReadHtmlCacheBehavior [ RunTime:0.000000s ]
INFO: [ app_begin ] --END-- [ RunTime:0.000000s ]
ERR: 无法加载控制器:Js

[ 2015-11-30T11:06:32+08:00 ] ::1 /Login/Home/js/plugins/jquery.uniform.min.js
INFO: [ app_init ] --START--
INFO: Run Behavior\BuildLiteBehavior [ RunTime:0.000000s ]
INFO: [ app_init ] --END-- [ RunTime:0.000000s ]
INFO: [ app_begin ] --START--
INFO: Run Behavior\ReadHtmlCacheBehavior [ RunTime:0.000000s ]
INFO: [ app_begin ] --END-- [ RunTime:0.000000s ]
ERR: 无法加载控制器:Js

[ 2015-11-30T11:06:32+08:00 ] ::1 /Login/Home/js/custom/general.js
INFO: [ app_init ] --START--
INFO: Run Behavior\BuildLiteBehavior [ RunTime:0.000000s ]
INFO: [ app_init ] --END-- [ RunTime:0.000000s ]
INFO: [ app_begin ] --START--
INFO: Run Behavior\ReadHtmlCacheBehavior [ RunTime:0.000000s ]
INFO: [ app_begin ] --END-- [ RunTime:0.000000s ]
ERR: 无法加载控制器:Js

[ 2015-11-30T11:06:32+08:00 ] ::1 /Login/Home/js/custom/index.js
INFO: [ app_init ] --START--
INFO: Run Behavior\BuildLiteBehavior [ RunTime:0.000000s ]
INFO: [ app_init ] --END-- [ RunTime:0.000000s ]
INFO: [ app_begin ] --START--
INFO: Run Behavior\ReadHtmlCacheBehavior [ RunTime:0.010000s ]
INFO: [ app_begin ] --END-- [ RunTime:0.010000s ]
ERR: 无法加载控制器:Js

[ 2015-11-30T11:06:32+08:00 ] ::1 /Login/Home/images/thumbs/avatar1.png
INFO: [ app_init ] --START--
INFO: Run Behavior\BuildLiteBehavior [ RunTime:0.000000s ]
INFO: [ app_init ] --END-- [ RunTime:0.000000s ]

[ 2015-11-30T11:07:21+08:00 ] ::1 /Login/Home/Index
INFO: [ app_init ] --START--
INFO: Run Behavior\BuildLiteBehavior [ RunTime:0.000000s ]
INFO: [ app_init ] --END-- [ RunTime:0.000000s ]
INFO: [ app_begin ] --START--
INFO: Run Behavior\ReadHtmlCacheBehavior [ RunTime:0.000000s ]
INFO: [ app_begin ] --END-- [ RunTime:0.000000s ]
INFO: [ view_parse ] --START--
INFO: [ template_filter ] --START--
INFO: Run Behavior\ContentReplaceBehavior [ RunTime:0.000000s ]
INFO: [ template_filter ] --END-- [ RunTime:0.000000s ]
INFO: Run Behavior\ParseTemplateBehavior [ RunTime:0.010000s ]
INFO: [ view_parse ] --END-- [ RunTime:0.010000s ]
INFO: [ view_filter ] --START--
INFO: Run Behavior\WriteHtmlCacheBehavior [ RunTime:0.000000s ]
INFO: [ view_filter ] --END-- [ RunTime:0.000000s ]
INFO: [ app_end ] --START--
INFO: Run Behavior\ShowPageTraceBehavior [ RunTime:0.000000s ]
INFO: [ app_end ] --END-- [ RunTime:0.000000s ]

[ 2015-11-30T11:07:21+08:00 ] ::1 /Login/Home/css/style.default.css
INFO: [ app_init ] --START--
INFO: Run Behavior\BuildLiteBehavior [ RunTime:0.000000s ]
INFO: [ app_init ] --END-- [ RunTime:0.000000s ]
INFO: [ app_begin ] --START--
INFO: Run Behavior\ReadHtmlCacheBehavior [ RunTime:0.000000s ]
INFO: [ app_begin ] --END-- [ RunTime:0.000000s ]
ERR: 无法加载控制器:Css

[ 2015-11-30T11:07:21+08:00 ] ::1 /Login/Home/js/plugins/jquery.cookie.js
INFO: [ app_init ] --START--
INFO: Run Behavior\BuildLiteBehavior [ RunTime:0.000000s ]
INFO: [ app_init ] --END-- [ RunTime:0.000000s ]
INFO: [ app_begin ] --START--
INFO: Run Behavior\ReadHtmlCacheBehavior [ RunTime:0.000000s ]
INFO: [ app_begin ] --END-- [ RunTime:0.000000s ]
ERR: 无法加载控制器:Js

[ 2015-11-30T11:07:21+08:00 ] ::1 /Login/Home/Public/js/plugins/jquery-1.7.min.js
INFO: [ app_init ] --START--
INFO: Run Behavior\BuildLiteBehavior [ RunTime:0.000000s ]
INFO: [ app_init ] --END-- [ RunTime:0.000000s ]
INFO: [ app_begin ] --START--
INFO: Run Behavior\ReadHtmlCacheBehavior [ RunTime:0.010000s ]
INFO: [ app_begin ] --END-- [ RunTime:0.010000s ]
ERR: 无法加载控制器:Public

[ 2015-11-30T11:07:21+08:00 ] ::1 /Login/Home/js/plugins/jquery-ui-1.8.16.custom.min.js
INFO: [ app_init ] --START--
INFO: Run Behavior\BuildLiteBehavior [ RunTime:0.000000s ]
INFO: [ app_init ] --END-- [ RunTime:0.000000s ]
INFO: [ app_begin ] --START--
INFO: Run Behavior\ReadHtmlCacheBehavior [ RunTime:0.000000s ]
INFO: [ app_begin ] --END-- [ RunTime:0.000000s ]
ERR: 无法加载控制器:Js

[ 2015-11-30T11:07:22+08:00 ] ::1 /Login/Home/js/plugins/jquery.uniform.min.js
INFO: [ app_init ] --START--
INFO: Run Behavior\BuildLiteBehavior [ RunTime:0.000000s ]
INFO: [ app_init ] --END-- [ RunTime:0.000000s ]
INFO: [ app_begin ] --START--
INFO: Run Behavior\ReadHtmlCacheBehavior [ RunTime:0.000000s ]
INFO: [ app_begin ] --END-- [ RunTime:0.000000s ]
ERR: 无法加载控制器:Js

[ 2015-11-30T11:07:22+08:00 ] ::1 /Login/Home/js/custom/general.js
INFO: [ app_init ] --START--
INFO: Run Behavior\BuildLiteBehavior [ RunTime:0.000000s ]
INFO: [ app_init ] --END-- [ RunTime:0.000000s ]
INFO: [ app_begin ] --START--
INFO: Run Behavior\ReadHtmlCacheBehavior [ RunTime:0.000000s ]
INFO: [ app_begin ] --END-- [ RunTime:0.000000s ]
ERR: 无法加载控制器:Js

[ 2015-11-30T11:07:22+08:00 ] ::1 /Login/Home/js/custom/index.js
INFO: [ app_init ] --START--
INFO: Run Behavior\BuildLiteBehavior [ RunTime:0.000000s ]
INFO: [ app_init ] --END-- [ RunTime:0.000000s ]
INFO: [ app_begin ] --START--
INFO: Run Behavior\ReadHtmlCacheBehavior [ RunTime:0.000000s ]
INFO: [ app_begin ] --END-- [ RunTime:0.000000s ]
ERR: 无法加载控制器:Js

[ 2015-11-30T11:07:22+08:00 ] ::1 /Login/Home/js/plugins/jquery.cookie.js
INFO: [ app_init ] --START--
INFO: Run Behavior\BuildLiteBehavior [ RunTime:0.000000s ]
INFO: [ app_init ] --END-- [ RunTime:0.000000s ]
INFO: [ app_begin ] --START--
INFO: Run Behavior\ReadHtmlCacheBehavior [ RunTime:0.000000s ]
INFO: [ app_begin ] --END-- [ RunTime:0.000000s ]
ERR: 无法加载控制器:Js

[ 2015-11-30T11:07:22+08:00 ] ::1 /Login/Home/Public/images/thumbs/avatar1.png
INFO: [ app_init ] --START--
INFO: Run Behavior\BuildLiteBehavior [ RunTime:0.000000s ]
INFO: [ app_init ] --END-- [ RunTime:0.000000s ]

[ 2015-11-30T11:07:22+08:00 ] ::1 /Login/Home/js/plugins/jquery.uniform.min.js
INFO: [ app_init ] --START--
INFO: Run Behavior\BuildLiteBehavior [ RunTime:0.000000s ]
INFO: [ app_init ] --END-- [ RunTime:0.000000s ]
INFO: [ app_begin ] --START--
INFO: Run Behavior\ReadHtmlCacheBehavior [ RunTime:0.001000s ]
INFO: [ app_begin ] --END-- [ RunTime:0.001000s ]
ERR: 无法加载控制器:Js

[ 2015-11-30T11:07:22+08:00 ] ::1 /Login/Home/js/custom/general.js
INFO: [ app_init ] --START--
INFO: Run Behavior\BuildLiteBehavior [ RunTime:0.000000s ]
INFO: [ app_init ] --END-- [ RunTime:0.000000s ]
INFO: [ app_begin ] --START--
INFO: Run Behavior\ReadHtmlCacheBehavior [ RunTime:0.000000s ]
INFO: [ app_begin ] --END-- [ RunTime:0.000000s ]
ERR: 无法加载控制器:Js

[ 2015-11-30T11:07:22+08:00 ] ::1 /Login/Home/js/custom/index.js
INFO: [ app_init ] --START--
INFO: Run Behavior\BuildLiteBehavior [ RunTime:0.000000s ]
INFO: [ app_init ] --END-- [ RunTime:0.000000s ]
INFO: [ app_begin ] --START--
INFO: Run Behavior\ReadHtmlCacheBehavior [ RunTime:0.000000s ]
INFO: [ app_begin ] --END-- [ RunTime:0.000000s ]
ERR: 无法加载控制器:Js

[ 2015-11-30T11:07:22+08:00 ] ::1 /Login/Home/Public/images/thumbs/avatar1.png
INFO: [ app_init ] --START--
INFO: Run Behavior\BuildLiteBehavior [ RunTime:0.000000s ]
INFO: [ app_init ] --END-- [ RunTime:0.000000s ]

[ 2015-11-30T11:07:22+08:00 ] ::1 /Login/Home/Index
INFO: [ app_init ] --START--
INFO: Run Behavior\BuildLiteBehavior [ RunTime:0.000000s ]
INFO: [ app_init ] --END-- [ RunTime:0.000000s ]
INFO: [ app_begin ] --START--
INFO: Run Behavior\ReadHtmlCacheBehavior [ RunTime:0.000000s ]
INFO: [ app_begin ] --END-- [ RunTime:0.000000s ]
INFO: [ view_parse ] --START--
INFO: [ template_filter ] --START--
INFO: Run Behavior\ContentReplaceBehavior [ RunTime:0.000000s ]
INFO: [ template_filter ] --END-- [ RunTime:0.000000s ]
INFO: Run Behavior\ParseTemplateBehavior [ RunTime:0.010000s ]
INFO: [ view_parse ] --END-- [ RunTime:0.010000s ]
INFO: [ view_filter ] --START--
INFO: Run Behavior\WriteHtmlCacheBehavior [ RunTime:0.000000s ]
INFO: [ view_filter ] --END-- [ RunTime:0.000000s ]
INFO: [ app_end ] --START--
INFO: Run Behavior\ShowPageTraceBehavior [ RunTime:0.000000s ]
INFO: [ app_end ] --END-- [ RunTime:0.000000s ]

[ 2015-11-30T11:07:22+08:00 ] ::1 /Login/Home/js/plugins/jquery.cookie.js
INFO: [ app_init ] --START--
INFO: Run Behavior\BuildLiteBehavior [ RunTime:0.000000s ]
INFO: [ app_init ] --END-- [ RunTime:0.000000s ]
INFO: [ app_begin ] --START--
INFO: Run Behavior\ReadHtmlCacheBehavior [ RunTime:0.010000s ]
INFO: [ app_begin ] --END-- [ RunTime:0.010000s ]
ERR: 无法加载控制器:Js

[ 2015-11-30T11:07:22+08:00 ] ::1 /Login/Home/Public/js/plugins/jquery-1.7.min.js
INFO: [ app_init ] --START--
INFO: Run Behavior\BuildLiteBehavior [ RunTime:0.000000s ]
INFO: [ app_init ] --END-- [ RunTime:0.000000s ]
INFO: [ app_begin ] --START--
INFO: Run Behavior\ReadHtmlCacheBehavior [ RunTime:0.000000s ]
INFO: [ app_begin ] --END-- [ RunTime:0.000000s ]
ERR: 无法加载控制器:Public

[ 2015-11-30T11:07:22+08:00 ] ::1 /Login/Home/js/plugins/jquery.uniform.min.js
INFO: [ app_init ] --START--
INFO: Run Behavior\BuildLiteBehavior [ RunTime:0.000000s ]
INFO: [ app_init ] --END-- [ RunTime:0.000000s ]
INFO: [ app_begin ] --START--
INFO: Run Behavior\ReadHtmlCacheBehavior [ RunTime:0.000000s ]
INFO: [ app_begin ] --END-- [ RunTime:0.000000s ]
ERR: 无法加载控制器:Js

[ 2015-11-30T11:07:22+08:00 ] ::1 /Login/Home/js/custom/general.js
INFO: [ app_init ] --START--
INFO: Run Behavior\BuildLiteBehavior [ RunTime:0.000000s ]
INFO: [ app_init ] --END-- [ RunTime:0.000000s ]
INFO: [ app_begin ] --START--
INFO: Run Behavior\ReadHtmlCacheBehavior [ RunTime:0.000000s ]
INFO: [ app_begin ] --END-- [ RunTime:0.000000s ]
ERR: 无法加载控制器:Js

[ 2015-11-30T11:07:22+08:00 ] ::1 /Login/Home/js/plugins/jquery-ui-1.8.16.custom.min.js
INFO: [ app_init ] --START--
INFO: Run Behavior\BuildLiteBehavior [ RunTime:0.000000s ]
INFO: [ app_init ] --END-- [ RunTime:0.000000s ]
INFO: [ app_begin ] --START--
INFO: Run Behavior\ReadHtmlCacheBehavior [ RunTime:0.000000s ]
INFO: [ app_begin ] --END-- [ RunTime:0.000000s ]
ERR: 无法加载控制器:Js

[ 2015-11-30T11:07:22+08:00 ] ::1 /Login/Home/js/custom/index.js
INFO: [ app_init ] --START--
INFO: Run Behavior\BuildLiteBehavior [ RunTime:0.000000s ]
INFO: [ app_init ] --END-- [ RunTime:0.000000s ]
INFO: [ app_begin ] --START--
INFO: Run Behavior\ReadHtmlCacheBehavior [ RunTime:0.000000s ]
INFO: [ app_begin ] --END-- [ RunTime:0.000000s ]
ERR: 无法加载控制器:Js

[ 2015-11-30T11:07:22+08:00 ] ::1 /Login/Home/css/style.default.css
INFO: [ app_init ] --START--
INFO: Run Behavior\BuildLiteBehavior [ RunTime:0.000000s ]
INFO: [ app_init ] --END-- [ RunTime:0.000000s ]
INFO: [ app_begin ] --START--
INFO: Run Behavior\ReadHtmlCacheBehavior [ RunTime:0.000000s ]
INFO: [ app_begin ] --END-- [ RunTime:0.000000s ]
ERR: 无法加载控制器:Css

[ 2015-11-30T11:07:22+08:00 ] ::1 /Login/Home/Public/images/thumbs/avatar1.png
INFO: [ app_init ] --START--
INFO: Run Behavior\BuildLiteBehavior [ RunTime:0.000000s ]
INFO: [ app_init ] --END-- [ RunTime:0.000000s ]

[ 2015-11-30T11:07:22+08:00 ] ::1 /Login/Home/js/plugins/jquery.cookie.js
INFO: [ app_init ] --START--
INFO: Run Behavior\BuildLiteBehavior [ RunTime:0.000000s ]
INFO: [ app_init ] --END-- [ RunTime:0.000000s ]
INFO: [ app_begin ] --START--
INFO: Run Behavior\ReadHtmlCacheBehavior [ RunTime:0.000000s ]
INFO: [ app_begin ] --END-- [ RunTime:0.000000s ]
ERR: 无法加载控制器:Js

[ 2015-11-30T11:07:22+08:00 ] ::1 /Login/Home/js/plugins/jquery.uniform.min.js
INFO: [ app_init ] --START--
INFO: Run Behavior\BuildLiteBehavior [ RunTime:0.000000s ]
INFO: [ app_init ] --END-- [ RunTime:0.000000s ]
INFO: [ app_begin ] --START--
INFO: Run Behavior\ReadHtmlCacheBehavior [ RunTime:0.000000s ]
INFO: [ app_begin ] --END-- [ RunTime:0.000000s ]
ERR: 无法加载控制器:Js

[ 2015-11-30T11:07:22+08:00 ] ::1 /Login/Home/js/custom/general.js
INFO: [ app_init ] --START--
INFO: Run Behavior\BuildLiteBehavior [ RunTime:0.000000s ]
INFO: [ app_init ] --END-- [ RunTime:0.000000s ]
INFO: [ app_begin ] --START--
INFO: Run Behavior\ReadHtmlCacheBehavior [ RunTime:0.000000s ]
INFO: [ app_begin ] --END-- [ RunTime:0.000000s ]
ERR: 无法加载控制器:Js

[ 2015-11-30T11:07:22+08:00 ] ::1 /Login/Home/js/custom/index.js
INFO: [ app_init ] --START--
INFO: Run Behavior\BuildLiteBehavior [ RunTime:0.000000s ]
INFO: [ app_init ] --END-- [ RunTime:0.000000s ]
INFO: [ app_begin ] --START--
INFO: Run Behavior\ReadHtmlCacheBehavior [ RunTime:0.000000s ]
INFO: [ app_begin ] --END-- [ RunTime:0.000000s ]
ERR: 无法加载控制器:Js

[ 2015-11-30T11:07:22+08:00 ] ::1 /Login/Home/Public/images/thumbs/avatar1.png
INFO: [ app_init ] --START--
INFO: Run Behavior\BuildLiteBehavior [ RunTime:0.000000s ]
INFO: [ app_init ] --END-- [ RunTime:0.000000s ]

[ 2015-11-30T11:07:23+08:00 ] ::1 /Login/Home/Index
INFO: [ app_init ] --START--
INFO: Run Behavior\BuildLiteBehavior [ RunTime:0.000000s ]
INFO: [ app_init ] --END-- [ RunTime:0.000000s ]
INFO: [ app_begin ] --START--
INFO: Run Behavior\ReadHtmlCacheBehavior [ RunTime:0.010000s ]
INFO: [ app_begin ] --END-- [ RunTime:0.010000s ]
INFO: [ view_parse ] --START--
INFO: [ template_filter ] --START--
INFO: Run Behavior\ContentReplaceBehavior [ RunTime:0.000000s ]
INFO: [ template_filter ] --END-- [ RunTime:0.000000s ]
INFO: Run Behavior\ParseTemplateBehavior [ RunTime:0.010000s ]
INFO: [ view_parse ] --END-- [ RunTime:0.010000s ]
INFO: [ view_filter ] --START--
INFO: Run Behavior\WriteHtmlCacheBehavior [ RunTime:0.000000s ]
INFO: [ view_filter ] --END-- [ RunTime:0.000000s ]
INFO: [ app_end ] --START--
INFO: Run Behavior\ShowPageTraceBehavior [ RunTime:0.000000s ]
INFO: [ app_end ] --END-- [ RunTime:0.000000s ]

[ 2015-11-30T11:07:23+08:00 ] ::1 /Login/Home/js/plugins/jquery-ui-1.8.16.custom.min.js
INFO: [ app_init ] --START--
INFO: Run Behavior\BuildLiteBehavior [ RunTime:0.000000s ]
INFO: [ app_init ] --END-- [ RunTime:0.000000s ]
INFO: [ app_begin ] --START--
INFO: Run Behavior\ReadHtmlCacheBehavior [ RunTime:0.010000s ]
INFO: [ app_begin ] --END-- [ RunTime:0.010000s ]
ERR: 无法加载控制器:Js

[ 2015-11-30T11:07:23+08:00 ] ::1 /Login/Home/js/custom/general.js
INFO: [ app_init ] --START--
INFO: Run Behavior\BuildLiteBehavior [ RunTime:0.000000s ]
INFO: [ app_init ] --END-- [ RunTime:0.010000s ]
INFO: [ app_begin ] --START--
INFO: Run Behavior\ReadHtmlCacheBehavior [ RunTime:0.000000s ]
INFO: [ app_begin ] --END-- [ RunTime:0.000000s ]
ERR: 无法加载控制器:Js

[ 2015-11-30T11:07:23+08:00 ] ::1 /Login/Home/js/plugins/jquery.uniform.min.js
INFO: [ app_init ] --START--
INFO: Run Behavior\BuildLiteBehavior [ RunTime:0.000000s ]
INFO: [ app_init ] --END-- [ RunTime:0.000000s ]
INFO: [ app_begin ] --START--
INFO: Run Behavior\ReadHtmlCacheBehavior [ RunTime:0.000000s ]
INFO: [ app_begin ] --END-- [ RunTime:0.000000s ]
ERR: 无法加载控制器:Js

[ 2015-11-30T11:07:23+08:00 ] ::1 /Login/Home/js/plugins/jquery.cookie.js
INFO: [ app_init ] --START--
INFO: Run Behavior\BuildLiteBehavior [ RunTime:0.000000s ]
INFO: [ app_init ] --END-- [ RunTime:0.000000s ]
INFO: [ app_begin ] --START--
INFO: Run Behavior\ReadHtmlCacheBehavior [ RunTime:0.010000s ]
INFO: [ app_begin ] --END-- [ RunTime:0.010000s ]
ERR: 无法加载控制器:Js

[ 2015-11-30T11:07:23+08:00 ] ::1 /Login/Home/css/style.default.css
INFO: [ app_init ] --START--
INFO: Run Behavior\BuildLiteBehavior [ RunTime:0.000000s ]
INFO: [ app_init ] --END-- [ RunTime:0.000000s ]
INFO: [ app_begin ] --START--
INFO: Run Behavior\ReadHtmlCacheBehavior [ RunTime:0.000000s ]
INFO: [ app_begin ] --END-- [ RunTime:0.000000s ]
ERR: 无法加载控制器:Css

[ 2015-11-30T11:07:23+08:00 ] ::1 /Login/Home/js/custom/index.js
INFO: [ app_init ] --START--
INFO: Run Behavior\BuildLiteBehavior [ RunTime:0.000000s ]
INFO: [ app_init ] --END-- [ RunTime:0.000000s ]
INFO: [ app_begin ] --START--
INFO: Run Behavior\ReadHtmlCacheBehavior [ RunTime:0.000000s ]
INFO: [ app_begin ] --END-- [ RunTime:0.000000s ]
ERR: 无法加载控制器:Js

[ 2015-11-30T11:07:23+08:00 ] ::1 /Login/Home/Public/js/plugins/jquery-1.7.min.js
INFO: [ app_init ] --START--
INFO: Run Behavior\BuildLiteBehavior [ RunTime:0.000000s ]
INFO: [ app_init ] --END-- [ RunTime:0.000000s ]
INFO: [ app_begin ] --START--
INFO: Run Behavior\ReadHtmlCacheBehavior [ RunTime:0.000000s ]
INFO: [ app_begin ] --END-- [ RunTime:0.000000s ]
ERR: 无法加载控制器:Public

[ 2015-11-30T11:07:23+08:00 ] ::1 /Login/Home/Public/images/thumbs/avatar1.png
INFO: [ app_init ] --START--
INFO: Run Behavior\BuildLiteBehavior [ RunTime:0.000000s ]
INFO: [ app_init ] --END-- [ RunTime:0.000000s ]

[ 2015-11-30T11:07:23+08:00 ] ::1 /Login/Home/js/plugins/jquery-ui-1.8.16.custom.min.js
INFO: [ app_init ] --START--
INFO: Run Behavior\BuildLiteBehavior [ RunTime:0.000000s ]
INFO: [ app_init ] --END-- [ RunTime:0.000000s ]
INFO: [ app_begin ] --START--
INFO: Run Behavior\ReadHtmlCacheBehavior [ RunTime:0.001000s ]
INFO: [ app_begin ] --END-- [ RunTime:0.001000s ]
ERR: 无法加载控制器:Js

[ 2015-11-30T11:07:23+08:00 ] ::1 /Login/Home/js/plugins/jquery.cookie.js
INFO: [ app_init ] --START--
INFO: Run Behavior\BuildLiteBehavior [ RunTime:0.000000s ]
INFO: [ app_init ] --END-- [ RunTime:0.000000s ]
INFO: [ app_begin ] --START--
INFO: Run Behavior\ReadHtmlCacheBehavior [ RunTime:0.000000s ]
INFO: [ app_begin ] --END-- [ RunTime:0.001000s ]
ERR: 无法加载控制器:Js

[ 2015-11-30T11:07:23+08:00 ] ::1 /Login/Home/js/plugins/jquery.uniform.min.js
INFO: [ app_init ] --START--
INFO: Run Behavior\BuildLiteBehavior [ RunTime:0.000000s ]
INFO: [ app_init ] --END-- [ RunTime:0.000000s ]
INFO: [ app_begin ] --START--
INFO: Run Behavior\ReadHtmlCacheBehavior [ RunTime:0.000000s ]
INFO: [ app_begin ] --END-- [ RunTime:0.000000s ]
ERR: 无法加载控制器:Js

[ 2015-11-30T11:07:23+08:00 ] ::1 /Login/Home/js/custom/general.js
INFO: [ app_init ] --START--
INFO: Run Behavior\BuildLiteBehavior [ RunTime:0.000000s ]
INFO: [ app_init ] --END-- [ RunTime:0.000000s ]
INFO: [ app_begin ] --START--
INFO: Run Behavior\ReadHtmlCacheBehavior [ RunTime:0.000000s ]
INFO: [ app_begin ] --END-- [ RunTime:0.000000s ]
ERR: 无法加载控制器:Js

[ 2015-11-30T11:07:23+08:00 ] ::1 /Login/Home/js/custom/index.js
INFO: [ app_init ] --START--
INFO: Run Behavior\BuildLiteBehavior [ RunTime:0.000000s ]
INFO: [ app_init ] --END-- [ RunTime:0.000000s ]
INFO: [ app_begin ] --START--
INFO: Run Behavior\ReadHtmlCacheBehavior [ RunTime:0.010000s ]
INFO: [ app_begin ] --END-- [ RunTime:0.010000s ]
ERR: 无法加载控制器:Js

[ 2015-11-30T11:07:23+08:00 ] ::1 /Login/Home/Public/images/thumbs/avatar1.png
INFO: [ app_init ] --START--
INFO: Run Behavior\BuildLiteBehavior [ RunTime:0.000000s ]
INFO: [ app_init ] --END-- [ RunTime:0.000000s ]

[ 2015-11-30T11:08:15+08:00 ] ::1 /Login/Home/css/style.default.css
ERR: 无法加载控制器:Css

[ 2015-11-30T11:08:15+08:00 ] ::1 /Login/Home/js/plugins/jquery-ui-1.8.16.custom.min.js
ERR: 无法加载控制器:Js

[ 2015-11-30T11:08:15+08:00 ] ::1 /Login/Home/js/plugins/jquery.uniform.min.js
ERR: 无法加载控制器:Js

[ 2015-11-30T11:08:15+08:00 ] ::1 /Login/Home/js/custom/index.js
ERR: 无法加载控制器:Js

[ 2015-11-30T11:08:15+08:00 ] ::1 /Login/Home/Public/js/plugins/jquery-1.7.min.js
ERR: 无法加载控制器:Public

[ 2015-11-30T11:08:15+08:00 ] ::1 /Login/Home/js/plugins/jquery.cookie.js
ERR: 无法加载控制器:Js

[ 2015-11-30T11:08:15+08:00 ] ::1 /Login/Home/js/custom/general.js
ERR: 无法加载控制器:Js

[ 2015-11-30T11:08:15+08:00 ] ::1 /Login/Home/js/plugins/jquery-ui-1.8.16.custom.min.js
ERR: 无法加载控制器:Js

[ 2015-11-30T11:08:15+08:00 ] ::1 /Login/Home/js/plugins/jquery.cookie.js
ERR: 无法加载控制器:Js

[ 2015-11-30T11:08:15+08:00 ] ::1 /Login/Home/js/plugins/jquery.uniform.min.js
ERR: 无法加载控制器:Js

[ 2015-11-30T11:08:15+08:00 ] ::1 /Login/Home/js/custom/general.js
ERR: 无法加载控制器:Js

[ 2015-11-30T11:08:15+08:00 ] ::1 /Login/Home/js/custom/index.js
ERR: 无法加载控制器:Js

[ 2015-11-30T11:08:16+08:00 ] ::1 /Login/Home/js/plugins/jquery-ui-1.8.16.custom.min.js
ERR: 无法加载控制器:Js

[ 2015-11-30T11:08:16+08:00 ] ::1 /Login/Home/css/style.default.css
ERR: 无法加载控制器:Css

[ 2015-11-30T11:08:16+08:00 ] ::1 /Login/Home/Public/js/plugins/jquery-1.7.min.js
ERR: 无法加载控制器:Public

[ 2015-11-30T11:08:16+08:00 ] ::1 /Login/Home/js/plugins/jquery.uniform.min.js
ERR: 无法加载控制器:Js

[ 2015-11-30T11:08:16+08:00 ] ::1 /Login/Home/js/custom/index.js
ERR: 无法加载控制器:Js

[ 2015-11-30T11:08:16+08:00 ] ::1 /Login/Home/js/plugins/jquery.cookie.js
ERR: 无法加载控制器:Js

[ 2015-11-30T11:08:16+08:00 ] ::1 /Login/Home/js/custom/general.js
ERR: 无法加载控制器:Js

[ 2015-11-30T11:08:16+08:00 ] ::1 /Login/Home/js/plugins/jquery-ui-1.8.16.custom.min.js
ERR: 无法加载控制器:Js

[ 2015-11-30T11:08:16+08:00 ] ::1 /Login/Home/js/plugins/jquery.cookie.js
ERR: 无法加载控制器:Js

[ 2015-11-30T11:08:16+08:00 ] ::1 /Login/Home/js/plugins/jquery.uniform.min.js
ERR: 无法加载控制器:Js

[ 2015-11-30T11:08:16+08:00 ] ::1 /Login/Home/js/custom/general.js
ERR: 无法加载控制器:Js

[ 2015-11-30T11:08:16+08:00 ] ::1 /Login/Home/js/custom/index.js
ERR: 无法加载控制器:Js

[ 2015-11-30T11:08:17+08:00 ] ::1 /Login/Home/css/style.default.css
ERR: 无法加载控制器:Css

[ 2015-11-30T11:08:17+08:00 ] ::1 /Login/Home/js/plugins/jquery.cookie.js
ERR: 无法加载控制器:Js

[ 2015-11-30T11:08:17+08:00 ] ::1 /Login/Home/js/plugins/jquery.uniform.min.js
ERR: 无法加载控制器:Js

[ 2015-11-30T11:08:17+08:00 ] ::1 /Login/Home/js/plugins/jquery-ui-1.8.16.custom.min.js
ERR: 无法加载控制器:Js

[ 2015-11-30T11:08:17+08:00 ] ::1 /Login/Home/Public/js/plugins/jquery-1.7.min.js
ERR: 无法加载控制器:Public

[ 2015-11-30T11:08:17+08:00 ] ::1 /Login/Home/js/custom/general.js
ERR: 无法加载控制器:Js

[ 2015-11-30T11:08:17+08:00 ] ::1 /Login/Home/js/custom/index.js
ERR: 无法加载控制器:Js

[ 2015-11-30T11:08:17+08:00 ] ::1 /Login/Home/js/plugins/jquery-ui-1.8.16.custom.min.js
ERR: 无法加载控制器:Js

[ 2015-11-30T11:08:17+08:00 ] ::1 /Login/Home/js/plugins/jquery.cookie.js
ERR: 无法加载控制器:Js

[ 2015-11-30T11:08:17+08:00 ] ::1 /Login/Home/js/plugins/jquery.uniform.min.js
ERR: 无法加载控制器:Js

[ 2015-11-30T11:08:17+08:00 ] ::1 /Login/Home/js/custom/general.js
ERR: 无法加载控制器:Js

[ 2015-11-30T11:08:17+08:00 ] ::1 /Login/Home/js/custom/index.js
ERR: 无法加载控制器:Js

[ 2015-11-30T11:08:57+08:00 ] ::1 /Login/Home/js/plugins/jquery.uniform.min.js
ERR: 无法加载控制器:Js

[ 2015-11-30T11:08:57+08:00 ] ::1 /Login/Home/js/custom/general.js
ERR: 无法加载控制器:Js

[ 2015-11-30T11:08:57+08:00 ] ::1 /Login/Home/js/plugins/jquery-ui-1.8.16.custom.min.js
ERR: 无法加载控制器:Js

[ 2015-11-30T11:08:57+08:00 ] ::1 /Login/Home/js/plugins/jquery.cookie.js
ERR: 无法加载控制器:Js

[ 2015-11-30T11:08:57+08:00 ] ::1 /Login/Home/Public/js/plugins/jquery-1.7.min.js
ERR: 无法加载控制器:Public

[ 2015-11-30T11:08:57+08:00 ] ::1 /Login/Home/js/custom/index.js
ERR: 无法加载控制器:Js

[ 2015-11-30T11:08:57+08:00 ] ::1 /Login/Home/js/plugins/jquery-ui-1.8.16.custom.min.js
ERR: 无法加载控制器:Js

[ 2015-11-30T11:08:57+08:00 ] ::1 /Login/Home/js/plugins/jquery.cookie.js
ERR: 无法加载控制器:Js

[ 2015-11-30T11:08:57+08:00 ] ::1 /Login/Home/js/plugins/jquery.uniform.min.js
ERR: 无法加载控制器:Js

[ 2015-11-30T11:08:57+08:00 ] ::1 /Login/Home/js/custom/general.js
ERR: 无法加载控制器:Js

[ 2015-11-30T11:08:57+08:00 ] ::1 /Login/Home/js/custom/index.js
ERR: 无法加载控制器:Js

[ 2015-11-30T11:09:47+08:00 ] ::1 /Login/Home/dashboard.html
ERR: 无法加载控制器:Dashboard

[ 2015-11-30T11:11:15+08:00 ] ::1 /Login/Home/Login
ERR: 无法加载控制器:Login

[ 2015-11-30T11:12:50+08:00 ] ::1 /Login/Home/Public/css/style.default.css
ERR: 无法加载控制器:Public

[ 2015-11-30T11:12:50+08:00 ] ::1 /Login/Home/Public/js/plugins/jquery-1.7.min.js
ERR: 无法加载控制器:Public

[ 2015-11-30T11:12:50+08:00 ] ::1 /Login/Home/Public/js/custom/index.js
ERR: 无法加载控制器:Public

[ 2015-11-30T11:12:50+08:00 ] ::1 /Login/Home/Public/js/plugins/jquery.cookie.js
ERR: 无法加载控制器:Public

[ 2015-11-30T11:12:50+08:00 ] ::1 /Login/Home/Public/js/plugins/jquery-ui-1.8.16.custom.min.js
ERR: 无法加载控制器:Public

[ 2015-11-30T11:12:50+08:00 ] ::1 /Login/Home/Public/js/custom/general.js
ERR: 无法加载控制器:Public

[ 2015-11-30T11:12:50+08:00 ] ::1 /Login/Home/Public/js/plugins/jquery.uniform.min.js
ERR: 无法加载控制器:Public

[ 2015-11-30T11:12:50+08:00 ] ::1 /Login/Home/Public/js/plugins/jquery.cookie.js
ERR: 无法加载控制器:Public

[ 2015-11-30T11:12:50+08:00 ] ::1 /Login/Home/Public/js/plugins/jquery.uniform.min.js
ERR: 无法加载控制器:Public

[ 2015-11-30T11:12:50+08:00 ] ::1 /Login/Home/Public/js/custom/general.js
ERR: 无法加载控制器:Public

[ 2015-11-30T11:12:50+08:00 ] ::1 /Login/Home/Public/js/custom/index.js
ERR: 无法加载控制器:Public

[ 2015-11-30T11:12:51+08:00 ] ::1 /Login/Home/Public/js/plugins/jquery.cookie.js
ERR: 无法加载控制器:Public

[ 2015-11-30T11:12:51+08:00 ] ::1 /Login/Home/Public/css/style.default.css
ERR: 无法加载控制器:Public

[ 2015-11-30T11:12:51+08:00 ] ::1 /Login/Home/Public/js/plugins/jquery-1.7.min.js
ERR: 无法加载控制器:Public

[ 2015-11-30T11:12:51+08:00 ] ::1 /Login/Home/Public/js/plugins/jquery-ui-1.8.16.custom.min.js
ERR: 无法加载控制器:Public

[ 2015-11-30T11:12:51+08:00 ] ::1 /Login/Home/Public/js/plugins/jquery.uniform.min.js
ERR: 无法加载控制器:Public

[ 2015-11-30T11:12:51+08:00 ] ::1 /Login/Home/Public/js/custom/general.js
ERR: 无法加载控制器:Public

[ 2015-11-30T11:12:51+08:00 ] ::1 /Login/Home/Public/js/custom/index.js
ERR: 无法加载控制器:Public

[ 2015-11-30T11:12:51+08:00 ] ::1 /Login/Home/Public/js/plugins/jquery.cookie.js
ERR: 无法加载控制器:Public

[ 2015-11-30T11:12:52+08:00 ] ::1 /Login/Home/Public/js/plugins/jquery.uniform.min.js
ERR: 无法加载控制器:Public

[ 2015-11-30T11:12:52+08:00 ] ::1 /Login/Home/Public/js/custom/general.js
ERR: 无法加载控制器:Public

[ 2015-11-30T11:12:52+08:00 ] ::1 /Login/Home/Public/js/custom/index.js
ERR: 无法加载控制器:Public

[ 2015-11-30T11:13:23+08:00 ] ::1 /Login/Home/Index/indedx
ERR: 非法操作:indedx

[ 2015-11-30T11:13:28+08:00 ] ::1 /Login/Home/Public/css/style.default.css
ERR: 无法加载控制器:Public

[ 2015-11-30T11:13:28+08:00 ] ::1 /Login/Home/Public/js/plugins/jquery-1.7.min.js
ERR: 无法加载控制器:Public

[ 2015-11-30T11:13:28+08:00 ] ::1 /Login/Home/Public/js/plugins/jquery.cookie.js
ERR: 无法加载控制器:Public

[ 2015-11-30T11:13:28+08:00 ] ::1 /Login/Home/Public/js/custom/general.js
ERR: 无法加载控制器:Public

[ 2015-11-30T11:13:28+08:00 ] ::1 /Login/Home/Public/js/plugins/jquery-ui-1.8.16.custom.min.js
ERR: 无法加载控制器:Public

[ 2015-11-30T11:13:28+08:00 ] ::1 /Login/Home/Public/js/plugins/jquery.uniform.min.js
ERR: 无法加载控制器:Public

[ 2015-11-30T11:13:28+08:00 ] ::1 /Login/Home/Public/js/custom/index.js
ERR: 无法加载控制器:Public

[ 2015-11-30T11:13:56+08:00 ] ::1 /Login/Home/Public/js/plugins/jquery.cookie.js
ERR: 无法加载控制器:Public

[ 2015-11-30T11:13:56+08:00 ] ::1 /Login/Home/Public/js/plugins/jquery-ui-1.8.16.custom.min.js
ERR: 无法加载控制器:Public

[ 2015-11-30T11:13:56+08:00 ] ::1 /Login/Home/Public/js/plugins/jquery.uniform.min.js
ERR: 无法加载控制器:Public

[ 2015-11-30T11:13:56+08:00 ] ::1 /Login/Home/Public/js/custom/general.js
ERR: 无法加载控制器:Public

[ 2015-11-30T11:13:56+08:00 ] ::1 /Login/Home/Public/js/plugins/jquery-1.7.min.js
ERR: 无法加载控制器:Public

[ 2015-11-30T11:13:56+08:00 ] ::1 /Login/Home/Public/js/custom/index.js
ERR: 无法加载控制器:Public

[ 2015-11-30T11:13:59+08:00 ] ::1 /Login/Home/Public/css/style.default.css
ERR: 无法加载控制器:Public

[ 2015-11-30T11:13:59+08:00 ] ::1 /Login/Home/Index/Public/js/custom/general.js
ERR: 非法操作:Public

[ 2015-11-30T11:13:59+08:00 ] ::1 /Login/Home/Index/Public/js/plugins/jquery-1.7.min.js
ERR: 非法操作:Public

[ 2015-11-30T11:13:59+08:00 ] ::1 /Login/Home/Index/Public/js/plugins/jquery.cookie.js
ERR: 非法操作:Public

[ 2015-11-30T11:13:59+08:00 ] ::1 /Login/Home/Index/Public/js/plugins/jquery-ui-1.8.16.custom.min.js
ERR: 非法操作:Public

[ 2015-11-30T11:13:59+08:00 ] ::1 /Login/Home/Index/Public/js/plugins/jquery.uniform.min.js
ERR: 非法操作:Public

[ 2015-11-30T11:13:59+08:00 ] ::1 /Login/Home/Index/Public/js/custom/index.js
ERR: 非法操作:Public

[ 2015-11-30T11:14:36+08:00 ] ::1 /Login/Home/Public/js/plugins/jquery-ui-1.8.16.custom.min.js
ERR: 无法加载控制器:Public

[ 2015-11-30T11:14:36+08:00 ] ::1 /Login/Home/Public/js/plugins/jquery-1.7.min.js
ERR: 无法加载控制器:Public

[ 2015-11-30T11:14:36+08:00 ] ::1 /Login/Home/Public/js/plugins/jquery.uniform.min.js
ERR: 无法加载控制器:Public

[ 2015-11-30T11:14:36+08:00 ] ::1 /Login/Home/Public/js/plugins/jquery.cookie.js
ERR: 无法加载控制器:Public

[ 2015-11-30T11:14:36+08:00 ] ::1 /Login/Home/Public/js/custom/general.js
ERR: 无法加载控制器:Public

[ 2015-11-30T11:14:36+08:00 ] ::1 /Login/Home/Public/js/custom/index.js
ERR: 无法加载控制器:Public

[ 2015-11-30T11:15:16+08:00 ] ::1 /Login/Home/Public/js/plugins/jquery-1.7.min.js
ERR: 无法加载控制器:Public

[ 2015-11-30T11:15:16+08:00 ] ::1 /Login/Home/Public/js/custom/general.js
ERR: 无法加载控制器:Public

[ 2015-11-30T11:15:16+08:00 ] ::1 /Login/Home/Public/js/plugins/jquery.cookie.js
ERR: 无法加载控制器:Public

[ 2015-11-30T11:15:16+08:00 ] ::1 /Login/Home/Public/js/plugins/jquery-ui-1.8.16.custom.min.js
ERR: 无法加载控制器:Public

[ 2015-11-30T11:15:16+08:00 ] ::1 /Login/Home/Public/js/plugins/jquery.uniform.min.js
ERR: 无法加载控制器:Public

[ 2015-11-30T11:15:16+08:00 ] ::1 /Login/Home/Public/js/custom/index.js
ERR: 无法加载控制器:Public

[ 2015-11-30T11:15:22+08:00 ] ::1 /Login/Home/Public/css/style.default.css
ERR: 无法加载控制器:Public

[ 2015-11-30T11:15:22+08:00 ] ::1 /Login/Home/Index/Public/js/plugins/jquery-1.7.min.js
ERR: 非法操作:Public

[ 2015-11-30T11:15:22+08:00 ] ::1 /Login/Home/Index/Public/js/plugins/jquery.uniform.min.js
ERR: 非法操作:Public

[ 2015-11-30T11:15:22+08:00 ] ::1 /Login/Home/Index/Public/js/plugins/jquery-ui-1.8.16.custom.min.js
ERR: 非法操作:Public

[ 2015-11-30T11:15:22+08:00 ] ::1 /Login/Home/Index/Public/js/custom/general.js
ERR: 非法操作:Public

[ 2015-11-30T11:15:22+08:00 ] ::1 /Login/Home/Index/Public/js/plugins/jquery.cookie.js
ERR: 非法操作:Public

[ 2015-11-30T11:15:22+08:00 ] ::1 /Login/Home/Index/Public/js/custom/index.js
ERR: 非法操作:Public

[ 2015-11-30T11:15:44+08:00 ] ::1 /Login/Home/Public/js/plugins/jquery-ui-1.8.16.custom.min.js
ERR: 无法加载控制器:Public

[ 2015-11-30T11:15:44+08:00 ] ::1 /Login/Home/Public/js/custom/general.js
ERR: 无法加载控制器:Public

[ 2015-11-30T11:15:44+08:00 ] ::1 /Login/Home/Public/js/plugins/jquery-1.7.min.js
ERR: 无法加载控制器:Public

[ 2015-11-30T11:15:44+08:00 ] ::1 /Login/Home/Public/js/plugins/jquery.cookie.js
ERR: 无法加载控制器:Public

[ 2015-11-30T11:15:44+08:00 ] ::1 /Login/Home/Public/js/plugins/jquery.uniform.min.js
ERR: 无法加载控制器:Public

[ 2015-11-30T11:15:44+08:00 ] ::1 /Login/Home/Public/js/custom/index.js
ERR: 无法加载控制器:Public

[ 2015-11-30T11:16:59+08:00 ] ::1 /Login/Home/Public/js/plugins/jquery-ui-1.8.16.custom.min.js
ERR: 无法加载控制器:Public

[ 2015-11-30T11:16:59+08:00 ] ::1 /Login/Home/Public/js/plugins/jquery.cookie.js
ERR: 无法加载控制器:Public

[ 2015-11-30T11:16:59+08:00 ] ::1 /Login/Home/Public/js/plugins/jquery-1.7.min.js
ERR: 无法加载控制器:Public

[ 2015-11-30T11:16:59+08:00 ] ::1 /Login/Home/Public/js/custom/general.js
ERR: 无法加载控制器:Public

[ 2015-11-30T11:16:59+08:00 ] ::1 /Login/Home/Public/js/plugins/jquery.uniform.min.js
ERR: 无法加载控制器:Public

[ 2015-11-30T11:16:59+08:00 ] ::1 /Login/Home/Public/js/custom/index.js
ERR: 无法加载控制器:Public

[ 2015-11-30T11:16:59+08:00 ] ::1 /Login/Home/Public/js/plugins/jquery-ui-1.8.16.custom.min.js
ERR: 无法加载控制器:Public

[ 2015-11-30T11:16:59+08:00 ] ::1 /Login/Home/Public/js/plugins/jquery.cookie.js
ERR: 无法加载控制器:Public

[ 2015-11-30T11:16:59+08:00 ] ::1 /Login/Home/Public/js/plugins/jquery.uniform.min.js
ERR: 无法加载控制器:Public

[ 2015-11-30T11:16:59+08:00 ] ::1 /Login/Home/Public/js/custom/general.js
ERR: 无法加载控制器:Public

[ 2015-11-30T11:16:59+08:00 ] ::1 /Login/Home/Public/js/custom/index.js
ERR: 无法加载控制器:Public

[ 2015-11-30T11:17:13+08:00 ] ::1 /Login/Home/Public/js/plugins/jquery-1.7.min.js
ERR: 无法加载控制器:Public

[ 2015-11-30T11:17:13+08:00 ] ::1 /Login/Home/Public/js/plugins/jquery.uniform.min.js
ERR: 无法加载控制器:Public

[ 2015-11-30T11:17:13+08:00 ] ::1 /Login/Home/Public/js/plugins/jquery-ui-1.8.16.custom.min.js
ERR: 无法加载控制器:Public

[ 2015-11-30T11:17:13+08:00 ] ::1 /Login/Home/Public/js/custom/general.js
ERR: 无法加载控制器:Public

[ 2015-11-30T11:17:13+08:00 ] ::1 /Login/Home/Public/js/custom/index.js
ERR: 无法加载控制器:Public

[ 2015-11-30T11:17:13+08:00 ] ::1 /Login/Home/Public/js/plugins/jquery.cookie.js
ERR: 无法加载控制器:Public

[ 2015-11-30T11:17:13+08:00 ] ::1 /Login/Home/Public/js/plugins/jquery-ui-1.8.16.custom.min.js
ERR: 无法加载控制器:Public

[ 2015-11-30T11:17:13+08:00 ] ::1 /Login/Home/Public/js/plugins/jquery.cookie.js
ERR: 无法加载控制器:Public

[ 2015-11-30T11:17:13+08:00 ] ::1 /Login/Home/Public/js/plugins/jquery.uniform.min.js
ERR: 无法加载控制器:Public

[ 2015-11-30T11:17:13+08:00 ] ::1 /Login/Home/Public/js/custom/general.js
ERR: 无法加载控制器:Public

[ 2015-11-30T11:17:13+08:00 ] ::1 /Login/Home/Public/js/custom/index.js
ERR: 无法加载控制器:Public

